Arguments: 
  C:\Users\abi01639\dev\rhirabay\my-projects\gradle\lighthouse\.gradle\nodejs\node-v10.16.3-win-x64\node.exe C:\Users\abi01639\dev\rhirabay\my-projects\gradle\lighthouse\.gradle\yarn\yarn-v1.19.0\node_modules\yarn\bin\yarn.js

PATH: 
  C:\Users\abi01639\dev\rhirabay\my-projects\gradle\lighthouse\.gradle\yarn\yarn-v1.19.0;C:\Users\abi01639\dev\rhirabay\my-projects\gradle\lighthouse\.gradle\nodejs\node-v10.16.3-win-x64;C:\Users\abi01639\dev\rhirabay\my-projects\gradle\lighthouse\.gradle\nodejs\node-v10.16.3-win-x64;C:\Python310\Scripts\;C:\Python310\;C:\Program Files (x86)\Amazon Corretto\jdk11.0.15_9\bin;C:\WINDOWS\system32;C:\WINDOWS;C:\WINDOWS\System32\Wbem;C:\WINDOWS\System32\WindowsPowerShell\v1.0\;C:\WINDOWS\System32\OpenSSH\;C:\PROGRA~2\IBM\SQLLIB\BIN;C:\PROGRA~2\IBM\SQLLIB\FUNCTION;C:\Program Files\Git\cmd;C:\Program Files\Docker\Docker\resources\bin;C:\ProgramData\DockerDesktop\version-bin;C:\Program Files\nodejs\;C:\ProgramData\chocolatey\bin;C:\Users\abi01639\AppData\Local\Microsoft\WindowsApps;C:\java\jdk11.0.15_9\bin;C:\evans;C:\Users\abi01639\AppData\Roaming\npm

Yarn version: 
  1.19.0

Node version: 
  10.16.3

Platform: 
  win32 x64

Trace: 
  Error: self signed certificate in certificate chain
      at TLSSocket.onConnectSecure (_tls_wrap.js:1058:34)
      at TLSSocket.emit (events.js:198:13)
      at TLSSocket._finishInit (_tls_wrap.js:636:8)

npm manifest: 
  {
    "license": "UNLICENSED",
    "devDependencies": {
      "lighthouse-ci": "^1.10.0"
    }
  }

yarn manifest: 
  No manifest

Lockfile: 
  No lockfile
